[2024/03/04 10:16:38999][INFO][LOGSERVICE][日志系统][org.springframework.boot.StartupInfoLogger.logStarting(StartupInfoLogger.java:50)]
Starting Application on LianXiang-R7000 with PID 11968 (C:\Users\Zhangr\Desktop\websocket-webrtc-chat-master\target\Spring-websocket.jar started by Zhangr in C:\Users\Zhangr\Desktop\websocket-webrtc-chat-master\target)
[2024/03/04 10:16:39004][INFO][LOGSERVICE][日志系统][org.springframework.boot.SpringApplication.logStartupProfileInfo(SpringApplication.java:646)]
No active profile set, falling back to default profiles: default
[2024/03/04 10:16:40719][INFO][LOGSERVICE][日志系统][org.springframework.boot.web.embedded.tomcat.TomcatWebServer.initialize(TomcatWebServer.java:90)]
Tomcat initialized with port(s): 8089 (https)
[2024/03/04 10:16:40732][INFO][LOGSERVICE][日志系统][org.apache.juli.logging.DirectJDKLog.log(DirectJDKLog.java:173)]
Initializing ProtocolHandler ["https-jsse-nio-8089"]
[2024/03/04 10:16:40741][INFO][LOGSERVICE][日志系统][org.apache.juli.logging.DirectJDKLog.log(DirectJDKLog.java:173)]
Starting service [Tomcat]
[2024/03/04 10:16:40742][INFO][LOGSERVICE][日志系统][org.apache.juli.logging.DirectJDKLog.log(DirectJDKLog.java:173)]
Starting Servlet engine: [Apache Tomcat/9.0.21]
[2024/03/04 10:16:41123][INFO][LOGSERVICE][日志系统][org.apache.juli.logging.DirectJDKLog.log(DirectJDKLog.java:173)]
Initializing Spring embedded WebApplicationContext
[2024/03/04 10:16:41123][INFO][LOGSERVICE][日志系统][org.springframework.boot.web.servlet.context.ServletWebServerApplicationContext.prepareWebApplicationContext(ServletWebServerApplicationContext.java:283)]
Root WebApplicationContext: initialization completed in 2085 ms
[2024/03/04 10:16:41581][INFO][LOGSERVICE][日志系统][org.springframework.scheduling.concurrent.ExecutorConfigurationSupport.initialize(ExecutorConfigurationSupport.java:171)]
Initializing ExecutorService 'applicationTaskExecutor'
[2024/03/04 10:16:41694][INFO][LOGSERVICE][日志系统][org.springframework.boot.autoconfigure.web.servlet.WelcomePageHandlerMapping.<init>(WelcomePageHandlerMapping.java:58)]
Adding welcome page template: index
[2024/03/04 10:16:41848][INFO][LOGSERVICE][日志系统][org.apache.juli.logging.DirectJDKLog.log(DirectJDKLog.java:173)]
Starting ProtocolHandler ["https-jsse-nio-8089"]
[2024/03/04 10:16:43065][INFO][LOGSERVICE][日志系统][org.springframework.boot.web.embedded.tomcat.TomcatWebServer.start(TomcatWebServer.java:202)]
Tomcat started on port(s): 8089 (https) with context path ''
[2024/03/04 10:16:43068][INFO][LOGSERVICE][日志系统][org.springframework.boot.StartupInfoLogger.logStarted(StartupInfoLogger.java:59)]
Started Application in 4.3819877 seconds (JVM running for 6.228)
[2024/03/04 10:16:44332][INFO][LOGSERVICE][日志系统][org.apache.juli.logging.DirectJDKLog.log(DirectJDKLog.java:173)]
Initializing Spring DispatcherServlet 'dispatcherServlet'
[2024/03/04 10:16:44333][INFO][LOGSERVICE][日志系统][org.springframework.web.servlet.FrameworkServlet.initServletBean(FrameworkServlet.java:524)]
Initializing Servlet 'dispatcherServlet'
[2024/03/04 10:16:44338][INFO][LOGSERVICE][日志系统][org.springframework.web.servlet.FrameworkServlet.initServletBean(FrameworkServlet.java:546)]
Completed initialization in 5 ms
[2024/03/04 10:17:34535][INFO][LOGSERVICE][日志系统][com.alibaba.druid.pool.DruidDataSource.init(DruidDataSource.java:1003)]
{dataSource-1} inited
[2024/03/04 10:17:35114][INFO][LOGSERVICE][日志系统][com.acme.chat.service.WebSocketServer.sendMessage(WebSocketServer.java:59)]
发送数据：{
	"content":[
		{
			"id":0,
			"onLineState":true,
			"picture":"64b69867-5375-4ae9-8615-4c92446546be.png",
			"userName":"zhangr132"
		},
		{
			"id":0,
			"onLineState":false,
			"picture":"d2b8537e-581b-48f1-8001-35d75fa0da64.png",
			"userName":"ff"
		},
		{
			"id":0,
			"onLineState":false,
			"picture":"82979bce-e874-4ed5-a9fa-7a415d7b92eb.png",
			"userName":"mm"
		},
		{
			"id":0,
			"onLineState":false,
			"picture":"c09e50ad-2c7c-4a87-86b9-419d04619c55.png",
			"userName":"bgz"
		},
		{
			"id":0,
			"onLineState":false,
			"picture":"82979bce-e874-4ed5-a9fa-7a415d7b92eb.png",
			"userName":"adh"
		},
		{
			"id":0,
			"onLineState":false,
			"picture":"5edfeaee-200f-4aa1-99ba-dadcdc3114f4.png",
			"userName":"qf"
		},
		{
			"id":0,
			"onLineState":false,
			"picture":"6efe0c1c-4573-4b70-88d6-3e25ef268644.png",
			"userName":"car"
		},
		{
			"id":0,
			"onLineState":false,
			"userName":"admin"
		},
		{
			"id":0,
			"onLineState":false,
			"picture":"fe39d57b-5a23-4066-8a22-55f7a8c08de8.png",
			"userName":"zwj"
		},
		{
			"id":0,
			"onLineState":false,
			"picture":"8397ed5d-22f6-48fa-92f5-2e7d58dc17a1.png",
			"userName":"sun"
		},
		{
			"id":0,
			"onLineState":false,
			"picture":"82979bce-e874-4ed5-a9fa-7a415d7b92eb.png",
			"userName":"zbf"
		}
	],
	"contentType":"onlineUsers",
	"date":"2024-03-04 10:17:34",
	"from":"server",
	"to":"alluser"
}
[2024/03/04 10:17:35120][INFO][LOGSERVICE][日志系统][com.acme.chat.service.WebSocketServer.onOpen(WebSocketServer.java:119)]
zhangr132加入webSocket！当前人数为0
[2024/03/04 10:17:35131][INFO][LOGSERVICE][日志系统][com.acme.chat.service.WebSocketServer.sendMessage(WebSocketServer.java:59)]
发送数据：{
	"content":"测试",
	"contentType":"text",
	"date":"2024-03-04 09:12:52",
	"from":"admin",
	"to":"zhangr132"
}
[2024/03/04 10:17:37432][INFO][LOGSERVICE][日志系统][com.acme.chat.service.WebSocketServer.sendMessage(WebSocketServer.java:59)]
发送数据：{
	"content":[
		{
			"id":0,
			"onLineState":true,
			"picture":"64b69867-5375-4ae9-8615-4c92446546be.png",
			"userName":"zhangr132"
		},
		{
			"id":0,
			"onLineState":false,
			"picture":"d2b8537e-581b-48f1-8001-35d75fa0da64.png",
			"userName":"ff"
		},
		{
			"id":0,
			"onLineState":false,
			"picture":"82979bce-e874-4ed5-a9fa-7a415d7b92eb.png",
			"userName":"mm"
		},
		{
			"id":0,
			"onLineState":false,
			"picture":"c09e50ad-2c7c-4a87-86b9-419d04619c55.png",
			"userName":"bgz"
		},
		{
			"id":0,
			"onLineState":false,
			"picture":"82979bce-e874-4ed5-a9fa-7a415d7b92eb.png",
			"userName":"adh"
		},
		{
			"id":0,
			"onLineState":false,
			"picture":"5edfeaee-200f-4aa1-99ba-dadcdc3114f4.png",
			"userName":"qf"
		},
		{
			"id":0,
			"onLineState":false,
			"picture":"6efe0c1c-4573-4b70-88d6-3e25ef268644.png",
			"userName":"car"
		},
		{
			"id":0,
			"onLineState":false,
			"userName":"admin"
		},
		{
			"id":0,
			"onLineState":false,
			"picture":"fe39d57b-5a23-4066-8a22-55f7a8c08de8.png",
			"userName":"zwj"
		},
		{
			"id":0,
			"onLineState":false,
			"picture":"8397ed5d-22f6-48fa-92f5-2e7d58dc17a1.png",
			"userName":"sun"
		},
		{
			"id":0,
			"onLineState":false,
			"picture":"82979bce-e874-4ed5-a9fa-7a415d7b92eb.png",
			"userName":"zbf"
		}
	],
	"contentType":"onlineUsers",
	"date":"2024-03-04 10:17:37",
	"from":"server",
	"to":"alluser"
}
[2024/03/04 10:17:37433][INFO][LOGSERVICE][日志系统][com.acme.chat.service.WebSocketServer.onOpen(WebSocketServer.java:119)]
zhangr132加入webSocket！当前人数为0
